<?xml version="1.0" encoding="UTF-8"?>
<!-- Generated by org.testng.reporters.JUnitXMLReporter -->
<testsuite ignored="0" hostname="MiPC" failures="0" tests="2" name="Test edge" time="0.043" errors="0" timestamp="2025-05-02T22:38:57 CST">
  <testcase classname="testingWeb.tests.base.BaseTest" name="@BeforeClass setUp" time="0.003">
    <skipped/>
  </testcase> <!-- @BeforeClass setUp -->
  <testcase classname="testingWeb.tests.search_product.FlowTestSearchProduct" name="goLogin on [FlowTestSearchProduct passed=0 failed=0 skipped=0]" time="0.0">
    <skipped/>
  </testcase> <!-- goLogin on [FlowTestSearchProduct passed=0 failed=0 skipped=0] -->
  <testcase classname="testingWeb.tests.search_product.FlowTestSearchProduct" name="transactionSearchProducto on [FlowTestSearchProduct passed=0 failed=0 skipped=0]" time="0.0">
    <skipped/>
  </testcase> <!-- transactionSearchProducto on [FlowTestSearchProduct passed=0 failed=0 skipped=0] -->
</testsuite> <!-- Test edge -->
