<?xml version="1.0" encoding="UTF-8"?>
<!-- Generated by org.testng.reporters.JUnitXMLReporter -->
<testsuite ignored="0" hostname="MiPC" failures="0" tests="2" name="Test chrome" time="25.26" errors="0" timestamp="2025-05-02T22:38:57 CST">
  <testcase classname="testingWeb.tests.search_product.FlowTestSearchProduct" name="goLogin on [FlowTestSearchProduct passed=0 failed=0 skipped=0]" time="3.05"/>
  <testcase classname="testingWeb.tests.search_product.FlowTestSearchProduct" name="transactionSearchProducto on [FlowTestSearchProduct passed=0 failed=0 skipped=0]" time="14.323"/>
</testsuite> <!-- Test chrome -->
