<?xml version="1.0" encoding="UTF-8"?>
<!-- Generated by org.testng.reporters.JUnitXMLReporter -->
<testsuite ignored="0" hostname="MiPC" failures="0" tests="1" name="Test browsertack" time="0.006" errors="0" timestamp="2025-04-14T23:33:13 CST">
  <testcase classname="testingWeb.tests.base.BaseTest" name="@BeforeClass setUp" time="0.0">
    <skipped/>
  </testcase> <!-- @BeforeClass setUp -->
  <testcase classname="testingWeb.tests.login_test.FlowTest" name="goLogin on [FlowTest passed=0 failed=0 skipped=0]" time="0.0">
    <skipped/>
  </testcase> <!-- goLogin on [FlowTest passed=0 failed=0 skipped=0] -->
</testsuite> <!-- Test browsertack -->
