<?xml version="1.0" encoding="UTF-8"?>
<testng-results ignored="0" total="2" passed="2" failed="0" skipped="0">
  <reporter-output>
  </reporter-output>
  <suite started-at="2025-05-02T22:38:31 CST" name="Test Flow 1 - LOGIN" finished-at="2025-05-02T22:38:57 CST" duration-ms="25444">
    <groups>
    </groups>
    <test started-at="2025-05-02T22:38:31 CST" name="Test chrome" finished-at="2025-05-02T22:38:57 CST" duration-ms="25260">
      <class name="testingWeb.tests.search_product.FlowTestSearchProduct">
        <test-method is-config="true" signature="setUp(java.lang.String)[pri:0, instance:[FlowTestSearchProduct passed=0 failed=0 skipped=0], instance params:[[Ljava.lang.String;@48ea2003]]" started-at="2025-05-02T22:38:31 CST" name="setUp" finished-at="2025-05-02T22:38:38 CST" duration-ms="6227" status="PASS">
          <params>
            <param index="0">
              <value>
                <![CDATA[chrome]]>
              </value>
            </param>
          </params>
          <reporter-output>
          </reporter-output>
        </test-method> <!-- setUp -->
        <test-method is-config="true" signature="logBrowser()[pri:0, instance:[FlowTestSearchProduct passed=0 failed=0 skipped=0], instance params:[[Ljava.lang.String;@48ea2003]]" started-at="2025-05-02T22:38:38 CST" name="logBrowser" finished-at="2025-05-02T22:38:39 CST" depends-on-methods="testingWeb.tests.base.BaseTest.setUp" duration-ms="1549" status="PASS">
          <reporter-output>
          </reporter-output>
        </test-method> <!-- logBrowser -->
        <test-method signature="goLogin()[pri:1, instance:[FlowTestSearchProduct passed=0 failed=0 skipped=0], instance params:[[Ljava.lang.String;@48ea2003]]" started-at="2025-05-02T22:38:39 CST" name="goLogin" finished-at="2025-05-02T22:38:42 CST" duration-ms="3050" status="PASS">
          <reporter-output>
          </reporter-output>
        </test-method> <!-- goLogin -->
        <test-method signature="transactionSearchProducto()[pri:2, instance:[FlowTestSearchProduct passed=0 failed=0 skipped=0], instance params:[[Ljava.lang.String;@48ea2003]]" started-at="2025-05-02T22:38:42 CST" name="transactionSearchProducto" finished-at="2025-05-02T22:38:57 CST" duration-ms="14323" status="PASS">
          <reporter-output>
          </reporter-output>
        </test-method> <!-- transactionSearchProducto -->
      </class> <!-- testingWeb.tests.search_product.FlowTestSearchProduct -->
    </test> <!-- Test chrome -->
    <test started-at="2025-05-02T22:38:57 CST" name="Test edge" finished-at="2025-05-02T22:38:57 CST" duration-ms="43">
      <class name="testingWeb.tests.search_product.FlowTestSearchProduct">
        <test-method is-config="true" signature="setUp(java.lang.String)[pri:0, instance:[FlowTestSearchProduct passed=0 failed=0 skipped=0], instance params:[[Ljava.lang.String;@576b7c74]]" started-at="2025-05-02T22:38:57 CST" name="setUp" finished-at="2025-05-02T22:38:57 CST" duration-ms="3" status="SKIP">
          <params>
            <param index="0">
              <value>
                <![CDATA[edge]]>
              </value>
            </param>
          </params>
          <exception class="org.testng.SkipException">
            <message>
              <![CDATA[Skipping Test. No Probar Navegador edge]]>
            </message>
            <full-stacktrace>
              <![CDATA[org.testng.SkipException: Skipping Test. No Probar Navegador edge
at testingWeb.tests.base.BaseTest.setUp(BaseTest.java:107)
at java.base/jdk.internal.reflect.DirectMethodHandleAccessor.invoke(DirectMethodHandleAccessor.java:103)
at java.base/java.lang.reflect.Method.invoke(Method.java:580)
at org.testng.internal.invokers.MethodInvocationHelper.invokeMethod(MethodInvocationHelper.java:136)
at org.testng.internal.invokers.MethodInvocationHelper.invokeMethodConsideringTimeout(MethodInvocationHelper.java:65)
at org.testng.internal.invokers.ConfigInvoker.invokeConfigurationMethod(ConfigInvoker.java:381)
at org.testng.internal.invokers.ConfigInvoker.invokeConfigurations(ConfigInvoker.java:319)
at org.testng.internal.invokers.TestMethodWorker.invokeBeforeClassMethods(TestMethodWorker.java:178)
at org.testng.internal.invokers.TestMethodWorker.run(TestMethodWorker.java:122)
at java.base/java.util.ArrayList.forEach(ArrayList.java:1596)
at org.testng.TestRunner.privateRun(TestRunner.java:808)
at org.testng.TestRunner.run(TestRunner.java:603)
at org.testng.SuiteRunner.runTest(SuiteRunner.java:429)
at org.testng.SuiteRunner.runSequentially(SuiteRunner.java:423)
at org.testng.SuiteRunner.privateRun(SuiteRunner.java:383)
at org.testng.SuiteRunner.run(SuiteRunner.java:326)
at org.testng.SuiteRunnerWorker.runSuite(SuiteRunnerWorker.java:52)
at org.testng.SuiteRunnerWorker.run(SuiteRunnerWorker.java:95)
at org.testng.TestNG.runSuitesSequentially(TestNG.java:1249)
at org.testng.TestNG.runSuitesLocally(TestNG.java:1169)
at org.testng.TestNG.runSuites(TestNG.java:1092)
at org.testng.TestNG.run(TestNG.java:1060)
at testingWeb.tests.search_product.RunTestSearchProduct.main(RunTestSearchProduct.java:18)
]]>
            </full-stacktrace>
          </exception> <!-- org.testng.SkipException -->
          <reporter-output>
          </reporter-output>
        </test-method> <!-- setUp -->
        <test-method is-config="true" signature="logBrowser()[pri:0, instance:[FlowTestSearchProduct passed=0 failed=0 skipped=0], instance params:[[Ljava.lang.String;@576b7c74]]" started-at="2025-05-02T22:38:57 CST" name="logBrowser" finished-at="2025-05-02T22:38:57 CST" depends-on-methods="testingWeb.tests.base.BaseTest.setUp" duration-ms="0" status="PASS">
          <reporter-output>
          </reporter-output>
        </test-method> <!-- logBrowser -->
      </class> <!-- testingWeb.tests.search_product.FlowTestSearchProduct -->
    </test> <!-- Test edge -->
    <test started-at="2025-05-02T22:38:57 CST" name="Test firefox" finished-at="2025-05-02T22:38:57 CST" duration-ms="20">
      <class name="testingWeb.tests.search_product.FlowTestSearchProduct">
        <test-method is-config="true" signature="setUp(java.lang.String)[pri:0, instance:[FlowTestSearchProduct passed=0 failed=0 skipped=0], instance params:[[Ljava.lang.String;@1ca3d25b]]" started-at="2025-05-02T22:38:57 CST" name="setUp" finished-at="2025-05-02T22:38:57 CST" duration-ms="0" status="SKIP">
          <params>
            <param index="0">
              <value>
                <![CDATA[firefox]]>
              </value>
            </param>
          </params>
          <exception class="org.testng.SkipException">
            <message>
              <![CDATA[Skipping Test. No Probar Navegador firefox]]>
            </message>
            <full-stacktrace>
              <![CDATA[org.testng.SkipException: Skipping Test. No Probar Navegador firefox
at testingWeb.tests.base.BaseTest.setUp(BaseTest.java:107)
at java.base/jdk.internal.reflect.DirectMethodHandleAccessor.invoke(DirectMethodHandleAccessor.java:103)
at java.base/java.lang.reflect.Method.invoke(Method.java:580)
at org.testng.internal.invokers.MethodInvocationHelper.invokeMethod(MethodInvocationHelper.java:136)
at org.testng.internal.invokers.MethodInvocationHelper.invokeMethodConsideringTimeout(MethodInvocationHelper.java:65)
at org.testng.internal.invokers.ConfigInvoker.invokeConfigurationMethod(ConfigInvoker.java:381)
at org.testng.internal.invokers.ConfigInvoker.invokeConfigurations(ConfigInvoker.java:319)
at org.testng.internal.invokers.TestMethodWorker.invokeBeforeClassMethods(TestMethodWorker.java:178)
at org.testng.internal.invokers.TestMethodWorker.run(TestMethodWorker.java:122)
at java.base/java.util.ArrayList.forEach(ArrayList.java:1596)
at org.testng.TestRunner.privateRun(TestRunner.java:808)
at org.testng.TestRunner.run(TestRunner.java:603)
at org.testng.SuiteRunner.runTest(SuiteRunner.java:429)
at org.testng.SuiteRunner.runSequentially(SuiteRunner.java:423)
at org.testng.SuiteRunner.privateRun(SuiteRunner.java:383)
at org.testng.SuiteRunner.run(SuiteRunner.java:326)
at org.testng.SuiteRunnerWorker.runSuite(SuiteRunnerWorker.java:52)
at org.testng.SuiteRunnerWorker.run(SuiteRunnerWorker.java:95)
at org.testng.TestNG.runSuitesSequentially(TestNG.java:1249)
at org.testng.TestNG.runSuitesLocally(TestNG.java:1169)
at org.testng.TestNG.runSuites(TestNG.java:1092)
at org.testng.TestNG.run(TestNG.java:1060)
at testingWeb.tests.search_product.RunTestSearchProduct.main(RunTestSearchProduct.java:18)
]]>
            </full-stacktrace>
          </exception> <!-- org.testng.SkipException -->
          <reporter-output>
          </reporter-output>
        </test-method> <!-- setUp -->
        <test-method is-config="true" signature="logBrowser()[pri:0, instance:[FlowTestSearchProduct passed=0 failed=0 skipped=0], instance params:[[Ljava.lang.String;@1ca3d25b]]" started-at="2025-05-02T22:38:57 CST" name="logBrowser" finished-at="2025-05-02T22:38:57 CST" depends-on-methods="testingWeb.tests.base.BaseTest.setUp" duration-ms="0" status="PASS">
          <reporter-output>
          </reporter-output>
        </test-method> <!-- logBrowser -->
      </class> <!-- testingWeb.tests.search_product.FlowTestSearchProduct -->
    </test> <!-- Test firefox -->
    <test started-at="2025-05-02T22:38:57 CST" name="Test browsertack" finished-at="2025-05-02T22:38:57 CST" duration-ms="14">
      <class name="testingWeb.tests.search_product.FlowTestSearchProduct">
        <test-method is-config="true" signature="setUp(java.lang.String)[pri:0, instance:[FlowTestSearchProduct passed=0 failed=0 skipped=0], instance params:[[Ljava.lang.String;@ee8e7ff]]" started-at="2025-05-02T22:38:57 CST" name="setUp" finished-at="2025-05-02T22:38:57 CST" duration-ms="0" status="SKIP">
          <params>
            <param index="0">
              <value>
                <![CDATA[browserstack]]>
              </value>
            </param>
          </params>
          <exception class="org.testng.SkipException">
            <message>
              <![CDATA[Skipping Test. No Probar Navegador browserstack]]>
            </message>
            <full-stacktrace>
              <![CDATA[org.testng.SkipException: Skipping Test. No Probar Navegador browserstack
at testingWeb.tests.base.BaseTest.setUp(BaseTest.java:107)
at java.base/jdk.internal.reflect.DirectMethodHandleAccessor.invoke(DirectMethodHandleAccessor.java:103)
at java.base/java.lang.reflect.Method.invoke(Method.java:580)
at org.testng.internal.invokers.MethodInvocationHelper.invokeMethod(MethodInvocationHelper.java:136)
at org.testng.internal.invokers.MethodInvocationHelper.invokeMethodConsideringTimeout(MethodInvocationHelper.java:65)
at org.testng.internal.invokers.ConfigInvoker.invokeConfigurationMethod(ConfigInvoker.java:381)
at org.testng.internal.invokers.ConfigInvoker.invokeConfigurations(ConfigInvoker.java:319)
at org.testng.internal.invokers.TestMethodWorker.invokeBeforeClassMethods(TestMethodWorker.java:178)
at org.testng.internal.invokers.TestMethodWorker.run(TestMethodWorker.java:122)
at java.base/java.util.ArrayList.forEach(ArrayList.java:1596)
at org.testng.TestRunner.privateRun(TestRunner.java:808)
at org.testng.TestRunner.run(TestRunner.java:603)
at org.testng.SuiteRunner.runTest(SuiteRunner.java:429)
at org.testng.SuiteRunner.runSequentially(SuiteRunner.java:423)
at org.testng.SuiteRunner.privateRun(SuiteRunner.java:383)
at org.testng.SuiteRunner.run(SuiteRunner.java:326)
at org.testng.SuiteRunnerWorker.runSuite(SuiteRunnerWorker.java:52)
at org.testng.SuiteRunnerWorker.run(SuiteRunnerWorker.java:95)
at org.testng.TestNG.runSuitesSequentially(TestNG.java:1249)
at org.testng.TestNG.runSuitesLocally(TestNG.java:1169)
at org.testng.TestNG.runSuites(TestNG.java:1092)
at org.testng.TestNG.run(TestNG.java:1060)
at testingWeb.tests.search_product.RunTestSearchProduct.main(RunTestSearchProduct.java:18)
]]>
            </full-stacktrace>
          </exception> <!-- org.testng.SkipException -->
          <reporter-output>
          </reporter-output>
        </test-method> <!-- setUp -->
        <test-method is-config="true" signature="logBrowser()[pri:0, instance:[FlowTestSearchProduct passed=0 failed=0 skipped=0], instance params:[[Ljava.lang.String;@ee8e7ff]]" started-at="2025-05-02T22:38:57 CST" name="logBrowser" finished-at="2025-05-02T22:38:57 CST" depends-on-methods="testingWeb.tests.base.BaseTest.setUp" duration-ms="6" status="PASS">
          <reporter-output>
          </reporter-output>
        </test-method> <!-- logBrowser -->
      </class> <!-- testingWeb.tests.search_product.FlowTestSearchProduct -->
    </test> <!-- Test browsertack -->
  </suite> <!-- Test Flow 1 - LOGIN -->
</testng-results>
