<?xml version="1.0" encoding="UTF-8"?>
<!-- Generated by org.testng.reporters.JUnitReportReporter -->
<testsuite hostname="MiPC" failures="0" tests="2" name="testingWeb.tests.search_product.FlowTestSearchProduct" time="17.373" errors="0" timestamp="2025-05-02T22:38:57 CST" skipped="0">
  <testcase classname="testingWeb.tests.search_product.FlowTestSearchProduct" name="goLogin" time="3.050"/>
  <system-out/>
  <testcase classname="testingWeb.tests.search_product.FlowTestSearchProduct" name="transactionSearchProducto" time="14.323"/>
  <system-out/>
</testsuite> <!-- testingWeb.tests.search_product.FlowTestSearchProduct -->
